# JRE version: Java(TM) SE Runtime Environment (21.0.5+9) (build 21.0.5+9-LTS-239)
# Java VM: Java HotSpot(TM) 64-Bit Server VM (21.0.5+9-LTS-239, mixed mode, sharing, tiered, compressed oops, compressed class ptrs, g1 gc, windows-amd64)
GC Precious Log:
 CardTable entry size: 512
 Card Set container configuration: InlinePtr #cards 5 size 8 Array Of Cards #cards 12 size 40 Howl #buckets 4 coarsen threshold 1843 Howl Bitmap #cards 512 size 80 coarsen threshold 460 Card regions per heap region 1 cards per card region 2048
 CPUs: 8 total, 8 available
 Memory: 8026M
 Large Page Support: Disabled
 NUMA Support: Disabled
 Compressed Oops: Enabled (32-bit)
 Heap Region Size: 1M
 Heap Min Capacity: 8M
 Heap Initial Capacity: 126M
 Heap Max Capacity: 512M
 Pre-touch: Disabled
 Parallel Workers: 8
 Concurrent Workers: 2
 Concurrent Refinement Workers: 8
 Periodic GC: Disabled
Heap:
 garbage-first heap   total 48128K, used 20492K [0x00000000e0000000, 0x0000000100000000)
  region size 1024K, 7 young (7168K), 3 survivors (3072K)
 Metaspace       used 31530K, committed 32064K, reserved 1114112K
  class space    used 4109K, committed 4352K, reserved 1048576K
GC Heap History (12 events):
Event: 1.872 GC heap before
{Heap before GC invocations=0 (full 0):
 garbage-first heap   total 129024K, used 22528K [0x00000000e0000000, 0x0000000100000000)
  region size 1024K, 23 young (23552K), 0 survivors (0K)
 Metaspace       used 6531K, committed 6720K, reserved 1114112K
  class space    used 820K, committed 896K, reserved 1048576K
}
Event: 1.884 GC heap after
{Heap after GC invocations=1 (full 0):
 garbage-first heap   total 129024K, used 7280K [0x00000000e0000000, 0x0000000100000000)
  region size 1024K, 3 young (3072K), 3 survivors (3072K)
 Metaspace       used 6531K, committed 6720K, reserved 1114112K
  class space    used 820K, committed 896K, reserved 1048576K
}
Event: 3.343 GC heap before
{Heap before GC invocations=1 (full 0):
 garbage-first heap   total 129024K, used 32880K [0x00000000e0000000, 0x0000000100000000)
  region size 1024K, 28 young (28672K), 3 survivors (3072K)
 Metaspace       used 13201K, committed 13504K, reserved 1114112K
  class space    used 1710K, committed 1856K, reserved 1048576K
}
Event: 3.353 GC heap after
{Heap after GC invocations=2 (full 0):
 garbage-first heap   total 129024K, used 9685K [0x00000000e0000000, 0x0000000100000000)
  region size 1024K, 3 young (3072K), 3 survivors (3072K)
 Metaspace       used 13201K, committed 13504K, reserved 1114112K
  class space    used 1710K, committed 1856K, reserved 1048576K
}
Event: 4.642 GC heap before
{Heap before GC invocations=2 (full 0):
 garbage-first heap   total 129024K, used 41429K [0x00000000e0000000, 0x0000000100000000)
  region size 1024K, 36 young (36864K), 3 survivors (3072K)
 Metaspace       used 21103K, committed 21504K, reserved 1114112K
  class space    used 2742K, committed 2944K, reserved 1048576K
}
Event: 4.650 GC heap after
{Heap after GC invocations=3 (full 0):
 garbage-first heap   total 129024K, used 11361K [0x00000000e0000000, 0x0000000100000000)
  region size 1024K, 4 young (4096K), 4 survivors (4096K)
 Metaspace       used 21103K, committed 21504K, reserved 1114112K
  class space    used 2742K, committed 2944K, reserved 1048576K
}
Event: 5.647 GC heap before
{Heap before GC invocations=4 (full 0):
 garbage-first heap   total 48128K, used 34913K [0x00000000e0000000, 0x0000000100000000)
  region size 1024K, 28 young (28672K), 4 survivors (4096K)
 Metaspace       used 24407K, committed 24832K, reserved 1114112K
  class space    used 3170K, committed 3392K, reserved 1048576K
}
Event: 5.658 GC heap after
{Heap after GC invocations=5 (full 0):
 garbage-first heap   total 48128K, used 13646K [0x00000000e0000000, 0x0000000100000000)
  region size 1024K, 4 young (4096K), 4 survivors (4096K)
 Metaspace       used 24407K, committed 24832K, reserved 1114112K
  class space    used 3170K, committed 3392K, reserved 1048576K
}
Event: 6.728 GC heap before
{Heap before GC invocations=5 (full 0):
 garbage-first heap   total 48128K, used 35150K [0x00000000e0000000, 0x0000000100000000)
  region size 1024K, 25 young (25600K), 4 survivors (4096K)
 Metaspace       used 27508K, committed 27904K, reserved 1114112K
  class space    used 3576K, committed 3776K, reserved 1048576K
}
Event: 6.738 GC heap after
{Heap after GC invocations=6 (full 0):
 garbage-first heap   total 48128K, used 14755K [0x00000000e0000000, 0x0000000100000000)
  region size 1024K, 2 young (2048K), 2 survivors (2048K)
 Metaspace       used 27508K, committed 27904K, reserved 1114112K
  class space    used 3576K, committed 3776K, reserved 1048576K
}
Event: 8.249 GC heap before
{Heap before GC invocations=6 (full 0):
 garbage-first heap   total 48128K, used 37283K [0x00000000e0000000, 0x0000000100000000)
  region size 1024K, 24 young (24576K), 2 survivors (2048K)
 Metaspace       used 31037K, committed 31552K, reserved 1114112K
  class space    used 4047K, committed 4288K, reserved 1048576K
}
Event: 8.256 GC heap after
{Heap after GC invocations=7 (full 0):
 garbage-first heap   total 48128K, used 17420K [0x00000000e0000000, 0x0000000100000000)
  region size 1024K, 3 young (3072K), 3 survivors (3072K)
 Metaspace       used 31037K, committed 31552K, reserved 1114112K
  class space    used 4047K, committed 4288K, reserved 1048576K
}

