# JRE version: OpenJDK Runtime Environment Temurin-17.0.13+11 (17.0.13+11) (build 17.0.13+11)
# Java VM: OpenJDK 64-Bit Server VM Temurin-17.0.13+11 (17.0.13+11, mixed mode, tiered, compressed oops, compressed class ptrs, parallel gc, windows-amd64)
GC Precious Log:
 CPUs: 8 total, 8 available
 Memory: 8026M
 Large Page Support: Disabled
 NUMA Support: Disabled
 Compressed Oops: Enabled (32-bit)
 Alignments: Space 512K, Generation 512K, Heap 2M
 Heap Min Capacity: 100M
 Heap Initial Capacity: 100M
 Heap Max Capacity: 1G
 Pre-touch: Disabled
 Parallel Workers: 8
Heap:
 PSYoungGen      total 13312K, used 2557K [0x00000000eab00000, 0x00000000eb980000, 0x0000000100000000)
  eden space 12800K, 17% used [0x00000000eab00000,0x00000000ead375d8,0x00000000eb780000)
  from space 512K, 56% used [0x00000000eb900000,0x00000000eb948000,0x00000000eb980000)
  to   space 1024K, 0% used [0x00000000eb780000,0x00000000eb780000,0x00000000eb880000)
 ParOldGen       total 68608K, used 64790K [0x00000000c0000000, 0x00000000c4300000, 0x00000000eab00000)
  object space 68608K, 94% used [0x00000000c0000000,0x00000000c3f45978,0x00000000c4300000)
 Metaspace       used 61017K, committed 61824K, reserved 1114112K
  class space    used 6159K, committed 6528K, reserved 1048576K
GC Heap History (20 events):
Event: 181.708 GC heap before
{Heap before GC invocations=56 (full 3):
 PSYoungGen      total 13312K, used 12801K [0x00000000eab00000, 0x00000000eb980000, 0x0000000100000000)
  eden space 12800K, 96% used [0x00000000eab00000,0x00000000eb7105a0,0x00000000eb780000)
  from space 512K, 87% used [0x00000000eb900000,0x00000000eb970000,0x00000000eb980000)
  to   space 512K, 0% used [0x00000000eb880000,0x00000000eb880000,0x00000000eb900000)
 ParOldGen       total 68608K, used 58801K [0x00000000c0000000, 0x00000000c4300000, 0x00000000eab00000)
  object space 68608K, 85% used [0x00000000c0000000,0x00000000c396c678,0x00000000c4300000)
 Metaspace       used 60679K, committed 61440K, reserved 1114112K
  class space    used 6147K, committed 6464K, reserved 1048576K
}
Event: 181.710 GC heap after
{Heap after GC invocations=56 (full 3):
 PSYoungGen      total 13312K, used 384K [0x00000000eab00000, 0x00000000eb980000, 0x0000000100000000)
  eden space 12800K, 0% used [0x00000000eab00000,0x00000000eab00000,0x00000000eb780000)
  from space 512K, 75% used [0x00000000eb880000,0x00000000eb8e0020,0x00000000eb900000)
  to   space 512K, 0% used [0x00000000eb900000,0x00000000eb900000,0x00000000eb980000)
 ParOldGen       total 68608K, used 60353K [0x00000000c0000000, 0x00000000c4300000, 0x00000000eab00000)
  object space 68608K, 87% used [0x00000000c0000000,0x00000000c3af0608,0x00000000c4300000)
 Metaspace       used 60679K, committed 61440K, reserved 1114112K
  class space    used 6147K, committed 6464K, reserved 1048576K
}
Event: 181.850 GC heap before
{Heap before GC invocations=57 (full 3):
 PSYoungGen      total 13312K, used 12161K [0x00000000eab00000, 0x00000000eb980000, 0x0000000100000000)
  eden space 12800K, 92% used [0x00000000eab00000,0x00000000eb680760,0x00000000eb780000)
  from space 512K, 75% used [0x00000000eb880000,0x00000000eb8e0020,0x00000000eb900000)
  to   space 512K, 0% used [0x00000000eb900000,0x00000000eb900000,0x00000000eb980000)
 ParOldGen       total 68608K, used 60353K [0x00000000c0000000, 0x00000000c4300000, 0x00000000eab00000)
  object space 68608K, 87% used [0x00000000c0000000,0x00000000c3af0608,0x00000000c4300000)
 Metaspace       used 60681K, committed 61440K, reserved 1114112K
  class space    used 6147K, committed 6464K, reserved 1048576K
}
Event: 181.852 GC heap after
{Heap after GC invocations=57 (full 3):
 PSYoungGen      total 13312K, used 320K [0x00000000eab00000, 0x00000000eb980000, 0x0000000100000000)
  eden space 12800K, 0% used [0x00000000eab00000,0x00000000eab00000,0x00000000eb780000)
  from space 512K, 62% used [0x00000000eb900000,0x00000000eb950000,0x00000000eb980000)
  to   space 512K, 0% used [0x00000000eb880000,0x00000000eb880000,0x00000000eb900000)
 ParOldGen       total 68608K, used 60560K [0x00000000c0000000, 0x00000000c4300000, 0x00000000eab00000)
  object space 68608K, 88% used [0x00000000c0000000,0x00000000c3b24078,0x00000000c4300000)
 Metaspace       used 60681K, committed 61440K, reserved 1114112K
  class space    used 6147K, committed 6464K, reserved 1048576K
}
Event: 182.009 GC heap before
{Heap before GC invocations=58 (full 3):
 PSYoungGen      total 13312K, used 12227K [0x00000000eab00000, 0x00000000eb980000, 0x0000000100000000)
  eden space 12800K, 93% used [0x00000000eab00000,0x00000000eb6a0fa8,0x00000000eb780000)
  from space 512K, 62% used [0x00000000eb900000,0x00000000eb950000,0x00000000eb980000)
  to   space 512K, 0% used [0x00000000eb880000,0x00000000eb880000,0x00000000eb900000)
 ParOldGen       total 68608K, used 60560K [0x00000000c0000000, 0x00000000c4300000, 0x00000000eab00000)
  object space 68608K, 88% used [0x00000000c0000000,0x00000000c3b24078,0x00000000c4300000)
 Metaspace       used 60683K, committed 61440K, reserved 1114112K
  class space    used 6147K, committed 6464K, reserved 1048576K
}
Event: 182.012 GC heap after
{Heap after GC invocations=58 (full 3):
 PSYoungGen      total 13312K, used 512K [0x00000000eab00000, 0x00000000eba80000, 0x0000000100000000)
  eden space 12800K, 0% used [0x00000000eab00000,0x00000000eab00000,0x00000000eb780000)
  from space 512K, 100% used [0x00000000eb880000,0x00000000eb900000,0x00000000eb900000)
  to   space 1536K, 0% used [0x00000000eb900000,0x00000000eb900000,0x00000000eba80000)
 ParOldGen       total 68608K, used 60984K [0x00000000c0000000, 0x00000000c4300000, 0x00000000eab00000)
  object space 68608K, 88% used [0x00000000c0000000,0x00000000c3b8e078,0x00000000c4300000)
 Metaspace       used 60683K, committed 61440K, reserved 1114112K
  class space    used 6147K, committed 6464K, reserved 1048576K
}
Event: 182.253 GC heap before
{Heap before GC invocations=59 (full 3):
 PSYoungGen      total 13312K, used 12558K [0x00000000eab00000, 0x00000000eba80000, 0x0000000100000000)
  eden space 12800K, 94% used [0x00000000eab00000,0x00000000eb6c38f0,0x00000000eb780000)
  from space 512K, 100% used [0x00000000eb880000,0x00000000eb900000,0x00000000eb900000)
  to   space 1536K, 0% used [0x00000000eb900000,0x00000000eb900000,0x00000000eba80000)
 ParOldGen       total 68608K, used 60984K [0x00000000c0000000, 0x00000000c4300000, 0x00000000eab00000)
  object space 68608K, 88% used [0x00000000c0000000,0x00000000c3b8e078,0x00000000c4300000)
 Metaspace       used 60690K, committed 61440K, reserved 1114112K
  class space    used 6147K, committed 6464K, reserved 1048576K
}
Event: 182.258 GC heap after
{Heap after GC invocations=59 (full 3):
 PSYoungGen      total 13824K, used 928K [0x00000000eab00000, 0x00000000eba00000, 0x0000000100000000)
  eden space 12800K, 0% used [0x00000000eab00000,0x00000000eab00000,0x00000000eb780000)
  from space 1024K, 90% used [0x00000000eb900000,0x00000000eb9e8000,0x00000000eba00000)
  to   space 1024K, 0% used [0x00000000eb800000,0x00000000eb800000,0x00000000eb900000)
 ParOldGen       total 68608K, used 61501K [0x00000000c0000000, 0x00000000c4300000, 0x00000000eab00000)
  object space 68608K, 89% used [0x00000000c0000000,0x00000000c3c0f4f8,0x00000000c4300000)
 Metaspace       used 60690K, committed 61440K, reserved 1114112K
  class space    used 6147K, committed 6464K, reserved 1048576K
}
Event: 182.448 GC heap before
{Heap before GC invocations=60 (full 3):
 PSYoungGen      total 13824K, used 13554K [0x00000000eab00000, 0x00000000eba00000, 0x0000000100000000)
  eden space 12800K, 98% used [0x00000000eab00000,0x00000000eb754958,0x00000000eb780000)
  from space 1024K, 90% used [0x00000000eb900000,0x00000000eb9e8000,0x00000000eba00000)
  to   space 1024K, 0% used [0x00000000eb800000,0x00000000eb800000,0x00000000eb900000)
 ParOldGen       total 68608K, used 61501K [0x00000000c0000000, 0x00000000c4300000, 0x00000000eab00000)
  object space 68608K, 89% used [0x00000000c0000000,0x00000000c3c0f4f8,0x00000000c4300000)
 Metaspace       used 60717K, committed 61504K, reserved 1114112K
  class space    used 6151K, committed 6464K, reserved 1048576K
}
Event: 182.453 GC heap after
{Heap after GC invocations=60 (full 3):
 PSYoungGen      total 13824K, used 644K [0x00000000eab00000, 0x00000000eb980000, 0x0000000100000000)
  eden space 12800K, 0% used [0x00000000eab00000,0x00000000eab00000,0x00000000eb780000)
  from space 1024K, 62% used [0x00000000eb800000,0x00000000eb8a13b8,0x00000000eb900000)
  to   space 512K, 0% used [0x00000000eb900000,0x00000000eb900000,0x00000000eb980000)
 ParOldGen       total 68608K, used 63621K [0x00000000c0000000, 0x00000000c4300000, 0x00000000eab00000)
  object space 68608K, 92% used [0x00000000c0000000,0x00000000c3e21488,0x00000000c4300000)
 Metaspace       used 60717K, committed 61504K, reserved 1114112K
  class space    used 6151K, committed 6464K, reserved 1048576K
}
Event: 182.564 GC heap before
{Heap before GC invocations=61 (full 3):
 PSYoungGen      total 13824K, used 13127K [0x00000000eab00000, 0x00000000eb980000, 0x0000000100000000)
  eden space 12800K, 97% used [0x00000000eab00000,0x00000000eb7309c8,0x00000000eb780000)
  from space 1024K, 62% used [0x00000000eb800000,0x00000000eb8a13b8,0x00000000eb900000)
  to   space 512K, 0% used [0x00000000eb900000,0x00000000eb900000,0x00000000eb980000)
 ParOldGen       total 68608K, used 63621K [0x00000000c0000000, 0x00000000c4300000, 0x00000000eab00000)
  object space 68608K, 92% used [0x00000000c0000000,0x00000000c3e21488,0x00000000c4300000)
 Metaspace       used 60722K, committed 61504K, reserved 1114112K
  class space    used 6151K, committed 6464K, reserved 1048576K
}
Event: 182.566 GC heap after
{Heap after GC invocations=61 (full 3):
 PSYoungGen      total 13312K, used 256K [0x00000000eab00000, 0x00000000eb980000, 0x0000000100000000)
  eden space 12800K, 0% used [0x00000000eab00000,0x00000000eab00000,0x00000000eb780000)
  from space 512K, 50% used [0x00000000eb900000,0x00000000eb940000,0x00000000eb980000)
  to   space 512K, 0% used [0x00000000eb880000,0x00000000eb880000,0x00000000eb900000)
 ParOldGen       total 68608K, used 63757K [0x00000000c0000000, 0x00000000c4300000, 0x00000000eab00000)
  object space 68608K, 92% used [0x00000000c0000000,0x00000000c3e434b8,0x00000000c4300000)
 Metaspace       used 60722K, committed 61504K, reserved 1114112K
  class space    used 6151K, committed 6464K, reserved 1048576K
}
Event: 182.885 GC heap before
{Heap before GC invocations=62 (full 3):
 PSYoungGen      total 13312K, used 12318K [0x00000000eab00000, 0x00000000eb980000, 0x0000000100000000)
  eden space 12800K, 94% used [0x00000000eab00000,0x00000000eb6c7aa0,0x00000000eb780000)
  from space 512K, 50% used [0x00000000eb900000,0x00000000eb940000,0x00000000eb980000)
  to   space 512K, 0% used [0x00000000eb880000,0x00000000eb880000,0x00000000eb900000)
 ParOldGen       total 68608K, used 63757K [0x00000000c0000000, 0x00000000c4300000, 0x00000000eab00000)
  object space 68608K, 92% used [0x00000000c0000000,0x00000000c3e434b8,0x00000000c4300000)
 Metaspace       used 60730K, committed 61504K, reserved 1114112K
  class space    used 6151K, committed 6464K, reserved 1048576K
}
Event: 182.888 GC heap after
{Heap after GC invocations=62 (full 3):
 PSYoungGen      total 13312K, used 128K [0x00000000eab00000, 0x00000000eb980000, 0x0000000100000000)
  eden space 12800K, 0% used [0x00000000eab00000,0x00000000eab00000,0x00000000eb780000)
  from space 512K, 25% used [0x00000000eb880000,0x00000000eb8a0000,0x00000000eb900000)
  to   space 512K, 0% used [0x00000000eb900000,0x00000000eb900000,0x00000000eb980000)
 ParOldGen       total 68608K, used 63781K [0x00000000c0000000, 0x00000000c4300000, 0x00000000eab00000)
  object space 68608K, 92% used [0x00000000c0000000,0x00000000c3e494b8,0x00000000c4300000)
 Metaspace       used 60730K, committed 61504K, reserved 1114112K
  class space    used 6151K, committed 6464K, reserved 1048576K
}
Event: 185.736 GC heap before
{Heap before GC invocations=63 (full 3):
 PSYoungGen      total 13312K, used 12927K [0x00000000eab00000, 0x00000000eb980000, 0x0000000100000000)
  eden space 12800K, 99% used [0x00000000eab00000,0x00000000eb77ffb0,0x00000000eb780000)
  from space 512K, 25% used [0x00000000eb880000,0x00000000eb8a0000,0x00000000eb900000)
  to   space 512K, 0% used [0x00000000eb900000,0x00000000eb900000,0x00000000eb980000)
 ParOldGen       total 68608K, used 63781K [0x00000000c0000000, 0x00000000c4300000, 0x00000000eab00000)
  object space 68608K, 92% used [0x00000000c0000000,0x00000000c3e494b8,0x00000000c4300000)
 Metaspace       used 60833K, committed 61632K, reserved 1114112K
  class space    used 6156K, committed 6464K, reserved 1048576K
}
Event: 185.743 GC heap after
{Heap after GC invocations=63 (full 3):
 PSYoungGen      total 13312K, used 512K [0x00000000eab00000, 0x00000000eb980000, 0x0000000100000000)
  eden space 12800K, 0% used [0x00000000eab00000,0x00000000eab00000,0x00000000eb780000)
  from space 512K, 100% used [0x00000000eb900000,0x00000000eb980000,0x00000000eb980000)
  to   space 1024K, 0% used [0x00000000eb780000,0x00000000eb780000,0x00000000eb880000)
 ParOldGen       total 68608K, used 63829K [0x00000000c0000000, 0x00000000c4300000, 0x00000000eab00000)
  object space 68608K, 93% used [0x00000000c0000000,0x00000000c3e554c8,0x00000000c4300000)
 Metaspace       used 60833K, committed 61632K, reserved 1114112K
  class space    used 6156K, committed 6464K, reserved 1048576K
}
Event: 192.794 GC heap before
{Heap before GC invocations=64 (full 3):
 PSYoungGen      total 13312K, used 13312K [0x00000000eab00000, 0x00000000eb980000, 0x0000000100000000)
  eden space 12800K, 100% used [0x00000000eab00000,0x00000000eb780000,0x00000000eb780000)
  from space 512K, 100% used [0x00000000eb900000,0x00000000eb980000,0x00000000eb980000)
  to   space 1024K, 0% used [0x00000000eb780000,0x00000000eb780000,0x00000000eb880000)
 ParOldGen       total 68608K, used 63829K [0x00000000c0000000, 0x00000000c4300000, 0x00000000eab00000)
  object space 68608K, 93% used [0x00000000c0000000,0x00000000c3e554c8,0x00000000c4300000)
 Metaspace       used 60941K, committed 61760K, reserved 1114112K
  class space    used 6159K, committed 6528K, reserved 1048576K
}
Event: 192.800 GC heap after
{Heap after GC invocations=64 (full 3):
 PSYoungGen      total 13824K, used 1008K [0x00000000eab00000, 0x00000000eba80000, 0x0000000100000000)
  eden space 12800K, 0% used [0x00000000eab00000,0x00000000eab00000,0x00000000eb780000)
  from space 1024K, 98% used [0x00000000eb780000,0x00000000eb87c030,0x00000000eb880000)
  to   space 1536K, 0% used [0x00000000eb900000,0x00000000eb900000,0x00000000eba80000)
 ParOldGen       total 68608K, used 64133K [0x00000000c0000000, 0x00000000c4300000, 0x00000000eab00000)
  object space 68608K, 93% used [0x00000000c0000000,0x00000000c3ea14c8,0x00000000c4300000)
 Metaspace       used 60941K, committed 61760K, reserved 1114112K
  class space    used 6159K, committed 6528K, reserved 1048576K
}
Event: 198.201 GC heap before
{Heap before GC invocations=65 (full 3):
 PSYoungGen      total 13824K, used 13808K [0x00000000eab00000, 0x00000000eba80000, 0x0000000100000000)
  eden space 12800K, 100% used [0x00000000eab00000,0x00000000eb780000,0x00000000eb780000)
  from space 1024K, 98% used [0x00000000eb780000,0x00000000eb87c030,0x00000000eb880000)
  to   space 1536K, 0% used [0x00000000eb900000,0x00000000eb900000,0x00000000eba80000)
 ParOldGen       total 68608K, used 64133K [0x00000000c0000000, 0x00000000c4300000, 0x00000000eab00000)
  object space 68608K, 93% used [0x00000000c0000000,0x00000000c3ea14c8,0x00000000c4300000)
 Metaspace       used 60988K, committed 61760K, reserved 1114112K
  class space    used 6159K, committed 6528K, reserved 1048576K
}
Event: 198.205 GC heap after
{Heap after GC invocations=65 (full 3):
 PSYoungGen      total 13312K, used 288K [0x00000000eab00000, 0x00000000eb980000, 0x0000000100000000)
  eden space 12800K, 0% used [0x00000000eab00000,0x00000000eab00000,0x00000000eb780000)
  from space 512K, 56% used [0x00000000eb900000,0x00000000eb948000,0x00000000eb980000)
  to   space 1024K, 0% used [0x00000000eb780000,0x00000000eb780000,0x00000000eb880000)
 ParOldGen       total 68608K, used 64790K [0x00000000c0000000, 0x00000000c4300000, 0x00000000eab00000)
  object space 68608K, 94% used [0x00000000c0000000,0x00000000c3f45978,0x00000000c4300000)
 Metaspace       used 60988K, committed 61760K, reserved 1114112K
  class space    used 6159K, committed 6528K, reserved 1048576K
}

