# JRE version: OpenJDK Runtime Environment Temurin-17.0.13+11 (17.0.13+11) (build 17.0.13+11)
# Java VM: OpenJDK 64-Bit Server VM Temurin-17.0.13+11 (17.0.13+11, mixed mode, tiered, compressed oops, compressed class ptrs, parallel gc, windows-amd64)
GC Precious Log:
 CPUs: 8 total, 8 available
 Memory: 8026M
 Large Page Support: Disabled
 NUMA Support: Disabled
 Compressed Oops: Enabled (32-bit)
 Alignments: Space 512K, Generation 512K, Heap 2M
 Heap Min Capacity: 100M
 Heap Initial Capacity: 100M
 Heap Max Capacity: 1G
 Pre-touch: Disabled
 Parallel Workers: 8
Heap:
 PSYoungGen      total 19456K, used 10833K [0x00000000eab00000, 0x00000000ece00000, 0x0000000100000000)
  eden space 16896K, 49% used [0x00000000eab00000,0x00000000eb31bf80,0x00000000ebb80000)
  from space 2560K, 98% used [0x00000000ec280000,0x00000000ec4f84f0,0x00000000ec500000)
  to   space 7168K, 0% used [0x00000000ebb80000,0x00000000ebb80000,0x00000000ec280000)
 ParOldGen       total 68608K, used 33832K [0x00000000c0000000, 0x00000000c4300000, 0x00000000eab00000)
  object space 68608K, 49% used [0x00000000c0000000,0x00000000c210a040,0x00000000c4300000)
 Metaspace       used 49530K, committed 50432K, reserved 1114112K
  class space    used 5070K, committed 5440K, reserved 1048576K
GC Heap History (20 events):
Event: 36.616 GC heap before
{Heap before GC invocations=17 (full 2):
 PSYoungGen      total 23040K, used 23031K [0x00000000eab00000, 0x00000000ec880000, 0x0000000100000000)
  eden space 21504K, 100% used [0x00000000eab00000,0x00000000ec000000,0x00000000ec000000)
  from space 1536K, 99% used [0x00000000ec400000,0x00000000ec57dce0,0x00000000ec580000)
  to   space 4096K, 0% used [0x00000000ec000000,0x00000000ec000000,0x00000000ec400000)
 ParOldGen       total 68608K, used 20259K [0x00000000c0000000, 0x00000000c4300000, 0x00000000eab00000)
  object space 68608K, 29% used [0x00000000c0000000,0x00000000c13c8ef0,0x00000000c4300000)
 Metaspace       used 41978K, committed 42816K, reserved 1114112K
  class space    used 4252K, committed 4608K, reserved 1048576K
}
Event: 36.622 GC heap after
{Heap after GC invocations=17 (full 2):
 PSYoungGen      total 23040K, used 1280K [0x00000000eab00000, 0x00000000ec500000, 0x0000000100000000)
  eden space 21504K, 0% used [0x00000000eab00000,0x00000000eab00000,0x00000000ec000000)
  from space 1536K, 83% used [0x00000000ec000000,0x00000000ec140118,0x00000000ec180000)
  to   space 2560K, 0% used [0x00000000ec280000,0x00000000ec280000,0x00000000ec500000)
 ParOldGen       total 68608K, used 21505K [0x00000000c0000000, 0x00000000c4300000, 0x00000000eab00000)
  object space 68608K, 31% used [0x00000000c0000000,0x00000000c15006b0,0x00000000c4300000)
 Metaspace       used 41978K, committed 42816K, reserved 1114112K
  class space    used 4252K, committed 4608K, reserved 1048576K
}
Event: 37.867 GC heap before
{Heap before GC invocations=18 (full 2):
 PSYoungGen      total 23040K, used 22732K [0x00000000eab00000, 0x00000000ec500000, 0x0000000100000000)
  eden space 21504K, 99% used [0x00000000eab00000,0x00000000ebff2ff8,0x00000000ec000000)
  from space 1536K, 83% used [0x00000000ec000000,0x00000000ec140118,0x00000000ec180000)
  to   space 2560K, 0% used [0x00000000ec280000,0x00000000ec280000,0x00000000ec500000)
 ParOldGen       total 68608K, used 21505K [0x00000000c0000000, 0x00000000c4300000, 0x00000000eab00000)
  object space 68608K, 31% used [0x00000000c0000000,0x00000000c15006b0,0x00000000c4300000)
 Metaspace       used 43198K, committed 44032K, reserved 1114112K
  class space    used 4376K, committed 4736K, reserved 1048576K
}
Event: 37.871 GC heap after
{Heap after GC invocations=18 (full 2):
 PSYoungGen      total 22016K, used 288K [0x00000000eab00000, 0x00000000ec300000, 0x0000000100000000)
  eden space 21504K, 0% used [0x00000000eab00000,0x00000000eab00000,0x00000000ec000000)
  from space 512K, 56% used [0x00000000ec280000,0x00000000ec2c8000,0x00000000ec300000)
  to   space 1024K, 0% used [0x00000000ec100000,0x00000000ec100000,0x00000000ec200000)
 ParOldGen       total 68608K, used 21561K [0x00000000c0000000, 0x00000000c4300000, 0x00000000eab00000)
  object space 68608K, 31% used [0x00000000c0000000,0x00000000c150e6b0,0x00000000c4300000)
 Metaspace       used 43198K, committed 44032K, reserved 1114112K
  class space    used 4376K, committed 4736K, reserved 1048576K
}
Event: 40.699 GC heap before
{Heap before GC invocations=19 (full 2):
 PSYoungGen      total 22016K, used 21791K [0x00000000eab00000, 0x00000000ec300000, 0x0000000100000000)
  eden space 21504K, 99% used [0x00000000eab00000,0x00000000ebffffb8,0x00000000ec000000)
  from space 512K, 56% used [0x00000000ec280000,0x00000000ec2c8000,0x00000000ec300000)
  to   space 1024K, 0% used [0x00000000ec100000,0x00000000ec100000,0x00000000ec200000)
 ParOldGen       total 68608K, used 21561K [0x00000000c0000000, 0x00000000c4300000, 0x00000000eab00000)
  object space 68608K, 31% used [0x00000000c0000000,0x00000000c150e6b0,0x00000000c4300000)
 Metaspace       used 44129K, committed 44992K, reserved 1114112K
  class space    used 4492K, committed 4864K, reserved 1048576K
}
Event: 40.704 GC heap after
{Heap after GC invocations=19 (full 2):
 PSYoungGen      total 22528K, used 416K [0x00000000eab00000, 0x00000000ec300000, 0x0000000100000000)
  eden space 21504K, 0% used [0x00000000eab00000,0x00000000eab00000,0x00000000ec000000)
  from space 1024K, 40% used [0x00000000ec100000,0x00000000ec168000,0x00000000ec200000)
  to   space 512K, 0% used [0x00000000ec280000,0x00000000ec280000,0x00000000ec300000)
 ParOldGen       total 68608K, used 21721K [0x00000000c0000000, 0x00000000c4300000, 0x00000000eab00000)
  object space 68608K, 31% used [0x00000000c0000000,0x00000000c15366b0,0x00000000c4300000)
 Metaspace       used 44129K, committed 44992K, reserved 1114112K
  class space    used 4492K, committed 4864K, reserved 1048576K
}
Event: 43.181 GC heap before
{Heap before GC invocations=20 (full 2):
 PSYoungGen      total 22528K, used 21920K [0x00000000eab00000, 0x00000000ec300000, 0x0000000100000000)
  eden space 21504K, 100% used [0x00000000eab00000,0x00000000ec000000,0x00000000ec000000)
  from space 1024K, 40% used [0x00000000ec100000,0x00000000ec168000,0x00000000ec200000)
  to   space 512K, 0% used [0x00000000ec280000,0x00000000ec280000,0x00000000ec300000)
 ParOldGen       total 68608K, used 21721K [0x00000000c0000000, 0x00000000c4300000, 0x00000000eab00000)
  object space 68608K, 31% used [0x00000000c0000000,0x00000000c15366b0,0x00000000c4300000)
 Metaspace       used 46059K, committed 46976K, reserved 1114112K
  class space    used 4664K, committed 5120K, reserved 1048576K
}
Event: 43.188 GC heap after
{Heap after GC invocations=20 (full 2):
 PSYoungGen      total 22016K, used 512K [0x00000000eab00000, 0x00000000ec300000, 0x0000000100000000)
  eden space 21504K, 0% used [0x00000000eab00000,0x00000000eab00000,0x00000000ec000000)
  from space 512K, 100% used [0x00000000ec280000,0x00000000ec300000,0x00000000ec300000)
  to   space 1024K, 0% used [0x00000000ec100000,0x00000000ec100000,0x00000000ec200000)
 ParOldGen       total 68608K, used 22001K [0x00000000c0000000, 0x00000000c4300000, 0x00000000eab00000)
  object space 68608K, 32% used [0x00000000c0000000,0x00000000c157c6b0,0x00000000c4300000)
 Metaspace       used 46059K, committed 46976K, reserved 1114112K
  class space    used 4664K, committed 5120K, reserved 1048576K
}
Event: 43.711 GC heap before
{Heap before GC invocations=21 (full 2):
 PSYoungGen      total 22016K, used 22016K [0x00000000eab00000, 0x00000000ec300000, 0x0000000100000000)
  eden space 21504K, 100% used [0x00000000eab00000,0x00000000ec000000,0x00000000ec000000)
  from space 512K, 100% used [0x00000000ec280000,0x00000000ec300000,0x00000000ec300000)
  to   space 1024K, 0% used [0x00000000ec100000,0x00000000ec100000,0x00000000ec200000)
 ParOldGen       total 68608K, used 22001K [0x00000000c0000000, 0x00000000c4300000, 0x00000000eab00000)
  object space 68608K, 32% used [0x00000000c0000000,0x00000000c157c6b0,0x00000000c4300000)
 Metaspace       used 46351K, committed 47296K, reserved 1114112K
  class space    used 4696K, committed 5120K, reserved 1048576K
}
Event: 43.721 GC heap after
{Heap after GC invocations=21 (full 2):
 PSYoungGen      total 22528K, used 1024K [0x00000000eab00000, 0x00000000ec500000, 0x0000000100000000)
  eden space 21504K, 0% used [0x00000000eab00000,0x00000000eab00000,0x00000000ec000000)
  from space 1024K, 100% used [0x00000000ec100000,0x00000000ec200000,0x00000000ec200000)
  to   space 2560K, 0% used [0x00000000ec280000,0x00000000ec280000,0x00000000ec500000)
 ParOldGen       total 68608K, used 22917K [0x00000000c0000000, 0x00000000c4300000, 0x00000000eab00000)
  object space 68608K, 33% used [0x00000000c0000000,0x00000000c16617b0,0x00000000c4300000)
 Metaspace       used 46351K, committed 47296K, reserved 1114112K
  class space    used 4696K, committed 5120K, reserved 1048576K
}
Event: 44.179 GC heap before
{Heap before GC invocations=22 (full 2):
 PSYoungGen      total 22528K, used 22528K [0x00000000eab00000, 0x00000000ec500000, 0x0000000100000000)
  eden space 21504K, 100% used [0x00000000eab00000,0x00000000ec000000,0x00000000ec000000)
  from space 1024K, 100% used [0x00000000ec100000,0x00000000ec200000,0x00000000ec200000)
  to   space 2560K, 0% used [0x00000000ec280000,0x00000000ec280000,0x00000000ec500000)
 ParOldGen       total 68608K, used 22917K [0x00000000c0000000, 0x00000000c4300000, 0x00000000eab00000)
  object space 68608K, 33% used [0x00000000c0000000,0x00000000c16617b0,0x00000000c4300000)
 Metaspace       used 46749K, committed 47616K, reserved 1114112K
  class space    used 4736K, committed 5120K, reserved 1048576K
}
Event: 44.194 GC heap after
{Heap after GC invocations=22 (full 2):
 PSYoungGen      total 24064K, used 2052K [0x00000000eab00000, 0x00000000ec500000, 0x0000000100000000)
  eden space 21504K, 0% used [0x00000000eab00000,0x00000000eab00000,0x00000000ec000000)
  from space 2560K, 80% used [0x00000000ec280000,0x00000000ec481040,0x00000000ec500000)
  to   space 2560K, 0% used [0x00000000ec000000,0x00000000ec000000,0x00000000ec280000)
 ParOldGen       total 68608K, used 23933K [0x00000000c0000000, 0x00000000c4300000, 0x00000000eab00000)
  object space 68608K, 34% used [0x00000000c0000000,0x00000000c175f7c0,0x00000000c4300000)
 Metaspace       used 46749K, committed 47616K, reserved 1114112K
  class space    used 4736K, committed 5120K, reserved 1048576K
}
Event: 44.928 GC heap before
{Heap before GC invocations=23 (full 2):
 PSYoungGen      total 24064K, used 23556K [0x00000000eab00000, 0x00000000ec500000, 0x0000000100000000)
  eden space 21504K, 100% used [0x00000000eab00000,0x00000000ec000000,0x00000000ec000000)
  from space 2560K, 80% used [0x00000000ec280000,0x00000000ec481040,0x00000000ec500000)
  to   space 2560K, 0% used [0x00000000ec000000,0x00000000ec000000,0x00000000ec280000)
 ParOldGen       total 68608K, used 23933K [0x00000000c0000000, 0x00000000c4300000, 0x00000000eab00000)
  object space 68608K, 34% used [0x00000000c0000000,0x00000000c175f7c0,0x00000000c4300000)
 Metaspace       used 46821K, committed 47744K, reserved 1114112K
  class space    used 4742K, committed 5120K, reserved 1048576K
}
Event: 44.937 GC heap after
{Heap after GC invocations=23 (full 2):
 PSYoungGen      total 24064K, used 2208K [0x00000000eab00000, 0x00000000ec500000, 0x0000000100000000)
  eden space 21504K, 0% used [0x00000000eab00000,0x00000000eab00000,0x00000000ec000000)
  from space 2560K, 86% used [0x00000000ec000000,0x00000000ec228010,0x00000000ec280000)
  to   space 2560K, 0% used [0x00000000ec280000,0x00000000ec280000,0x00000000ec500000)
 ParOldGen       total 68608K, used 25970K [0x00000000c0000000, 0x00000000c4300000, 0x00000000eab00000)
  object space 68608K, 37% used [0x00000000c0000000,0x00000000c195c810,0x00000000c4300000)
 Metaspace       used 46821K, committed 47744K, reserved 1114112K
  class space    used 4742K, committed 5120K, reserved 1048576K
}
Event: 45.174 GC heap before
{Heap before GC invocations=24 (full 2):
 PSYoungGen      total 24064K, used 23712K [0x00000000eab00000, 0x00000000ec500000, 0x0000000100000000)
  eden space 21504K, 100% used [0x00000000eab00000,0x00000000ec000000,0x00000000ec000000)
  from space 2560K, 86% used [0x00000000ec000000,0x00000000ec228010,0x00000000ec280000)
  to   space 2560K, 0% used [0x00000000ec280000,0x00000000ec280000,0x00000000ec500000)
 ParOldGen       total 68608K, used 25970K [0x00000000c0000000, 0x00000000c4300000, 0x00000000eab00000)
  object space 68608K, 37% used [0x00000000c0000000,0x00000000c195c810,0x00000000c4300000)
 Metaspace       used 46821K, committed 47744K, reserved 1114112K
  class space    used 4742K, committed 5120K, reserved 1048576K
}
Event: 45.185 GC heap after
{Heap after GC invocations=24 (full 2):
 PSYoungGen      total 24064K, used 2080K [0x00000000eab00000, 0x00000000ec500000, 0x0000000100000000)
  eden space 21504K, 0% used [0x00000000eab00000,0x00000000eab00000,0x00000000ec000000)
  from space 2560K, 81% used [0x00000000ec280000,0x00000000ec488000,0x00000000ec500000)
  to   space 2560K, 0% used [0x00000000ec000000,0x00000000ec000000,0x00000000ec280000)
 ParOldGen       total 68608K, used 28046K [0x00000000c0000000, 0x00000000c4300000, 0x00000000eab00000)
  object space 68608K, 40% used [0x00000000c0000000,0x00000000c1b63aa0,0x00000000c4300000)
 Metaspace       used 46821K, committed 47744K, reserved 1114112K
  class space    used 4742K, committed 5120K, reserved 1048576K
}
Event: 46.792 GC heap before
{Heap before GC invocations=25 (full 2):
 PSYoungGen      total 24064K, used 23584K [0x00000000eab00000, 0x00000000ec500000, 0x0000000100000000)
  eden space 21504K, 100% used [0x00000000eab00000,0x00000000ec000000,0x00000000ec000000)
  from space 2560K, 81% used [0x00000000ec280000,0x00000000ec488000,0x00000000ec500000)
  to   space 2560K, 0% used [0x00000000ec000000,0x00000000ec000000,0x00000000ec280000)
 ParOldGen       total 68608K, used 28046K [0x00000000c0000000, 0x00000000c4300000, 0x00000000eab00000)
  object space 68608K, 40% used [0x00000000c0000000,0x00000000c1b63aa0,0x00000000c4300000)
 Metaspace       used 48274K, committed 49216K, reserved 1114112K
  class space    used 4963K, committed 5376K, reserved 1048576K
}
Event: 46.807 GC heap after
{Heap after GC invocations=25 (full 2):
 PSYoungGen      total 24064K, used 2328K [0x00000000eab00000, 0x00000000ec500000, 0x0000000100000000)
  eden space 21504K, 0% used [0x00000000eab00000,0x00000000eab00000,0x00000000ec000000)
  from space 2560K, 90% used [0x00000000ec000000,0x00000000ec246228,0x00000000ec280000)
  to   space 2560K, 0% used [0x00000000ec280000,0x00000000ec280000,0x00000000ec500000)
 ParOldGen       total 68608K, used 29966K [0x00000000c0000000, 0x00000000c4300000, 0x00000000eab00000)
  object space 68608K, 43% used [0x00000000c0000000,0x00000000c1d43aa0,0x00000000c4300000)
 Metaspace       used 48274K, committed 49216K, reserved 1114112K
  class space    used 4963K, committed 5376K, reserved 1048576K
}
Event: 48.476 GC heap before
{Heap before GC invocations=26 (full 2):
 PSYoungGen      total 24064K, used 23832K [0x00000000eab00000, 0x00000000ec500000, 0x0000000100000000)
  eden space 21504K, 100% used [0x00000000eab00000,0x00000000ec000000,0x00000000ec000000)
  from space 2560K, 90% used [0x00000000ec000000,0x00000000ec246228,0x00000000ec280000)
  to   space 2560K, 0% used [0x00000000ec280000,0x00000000ec280000,0x00000000ec500000)
 ParOldGen       total 68608K, used 29966K [0x00000000c0000000, 0x00000000c4300000, 0x00000000eab00000)
  object space 68608K, 43% used [0x00000000c0000000,0x00000000c1d43aa0,0x00000000c4300000)
 Metaspace       used 49431K, committed 50368K, reserved 1114112K
  class space    used 5065K, committed 5440K, reserved 1048576K
}
Event: 48.494 GC heap after
{Heap after GC invocations=26 (full 2):
 PSYoungGen      total 19456K, used 2529K [0x00000000eab00000, 0x00000000ece00000, 0x0000000100000000)
  eden space 16896K, 0% used [0x00000000eab00000,0x00000000eab00000,0x00000000ebb80000)
  from space 2560K, 98% used [0x00000000ec280000,0x00000000ec4f84f0,0x00000000ec500000)
  to   space 7168K, 0% used [0x00000000ebb80000,0x00000000ebb80000,0x00000000ec280000)
 ParOldGen       total 68608K, used 33832K [0x00000000c0000000, 0x00000000c4300000, 0x00000000eab00000)
  object space 68608K, 49% used [0x00000000c0000000,0x00000000c210a040,0x00000000c4300000)
 Metaspace       used 49431K, committed 50368K, reserved 1114112K
  class space    used 5065K, committed 5440K, reserved 1048576K
}

