# JRE version: OpenJDK Runtime Environment Temurin-17.0.13+11 (17.0.13+11) (build 17.0.13+11)
# Java VM: OpenJDK 64-Bit Server VM Temurin-17.0.13+11 (17.0.13+11, mixed mode, tiered, compressed oops, compressed class ptrs, parallel gc, windows-amd64)
GC Precious Log:
 CPUs: 8 total, 8 available
 Memory: 8026M
 Large Page Support: Disabled
 NUMA Support: Disabled
 Compressed Oops: Enabled (32-bit)
 Alignments: Space 512K, Generation 512K, Heap 2M
 Heap Min Capacity: 100M
 Heap Initial Capacity: 100M
 Heap Max Capacity: 1G
 Pre-touch: Disabled
 Parallel Workers: 8
Heap:
 PSYoungGen      total 9728K, used 9643K [0x00000000eab00000, 0x00000000eb700000, 0x0000000100000000)
  eden space 8192K, 99% used [0x00000000eab00000,0x00000000eb2fffe0,0x00000000eb300000)
  from space 1536K, 94% used [0x00000000eb580000,0x00000000eb6ead40,0x00000000eb700000)
  to   space 2048K, 0% used [0x00000000eb300000,0x00000000eb300000,0x00000000eb500000)
 ParOldGen       total 139264K, used 130765K [0x00000000c0000000, 0x00000000c8800000, 0x00000000eab00000)
  object space 139264K, 93% used [0x00000000c0000000,0x00000000c7fb3700,0x00000000c8800000)
 Metaspace       used 64635K, committed 65664K, reserved 1114112K
  class space    used 6851K, committed 7296K, reserved 1048576K
GC Heap History (20 events):
Event: 70.815 GC heap before
{Heap before GC invocations=85 (full 5):
 PSYoungGen      total 8704K, used 8524K [0x00000000eab00000, 0x00000000eb580000, 0x0000000100000000)
  eden space 8192K, 97% used [0x00000000eab00000,0x00000000eb2d3358,0x00000000eb300000)
  from space 512K, 100% used [0x00000000eb500000,0x00000000eb580000,0x00000000eb580000)
  to   space 1024K, 0% used [0x00000000eb380000,0x00000000eb380000,0x00000000eb480000)
 ParOldGen       total 139264K, used 121574K [0x00000000c0000000, 0x00000000c8800000, 0x00000000eab00000)
  object space 139264K, 87% used [0x00000000c0000000,0x00000000c76b98a0,0x00000000c8800000)
 Metaspace       used 61912K, committed 62976K, reserved 1114112K
  class space    used 6606K, committed 7040K, reserved 1048576K
}
Event: 70.819 GC heap after
{Heap after GC invocations=85 (full 5):
 PSYoungGen      total 9216K, used 1012K [0x00000000eab00000, 0x00000000eb700000, 0x0000000100000000)
  eden space 8192K, 0% used [0x00000000eab00000,0x00000000eab00000,0x00000000eb300000)
  from space 1024K, 98% used [0x00000000eb380000,0x00000000eb47d358,0x00000000eb480000)
  to   space 2048K, 0% used [0x00000000eb500000,0x00000000eb500000,0x00000000eb700000)
 ParOldGen       total 139264K, used 121973K [0x00000000c0000000, 0x00000000c8800000, 0x00000000eab00000)
  object space 139264K, 87% used [0x00000000c0000000,0x00000000c771d700,0x00000000c8800000)
 Metaspace       used 61912K, committed 62976K, reserved 1114112K
  class space    used 6606K, committed 7040K, reserved 1048576K
}
Event: 70.916 GC heap before
{Heap before GC invocations=86 (full 5):
 PSYoungGen      total 9216K, used 9159K [0x00000000eab00000, 0x00000000eb700000, 0x0000000100000000)
  eden space 8192K, 99% used [0x00000000eab00000,0x00000000eb2f4bd0,0x00000000eb300000)
  from space 1024K, 98% used [0x00000000eb380000,0x00000000eb47d358,0x00000000eb480000)
  to   space 2048K, 0% used [0x00000000eb500000,0x00000000eb500000,0x00000000eb700000)
 ParOldGen       total 139264K, used 121973K [0x00000000c0000000, 0x00000000c8800000, 0x00000000eab00000)
  object space 139264K, 87% used [0x00000000c0000000,0x00000000c771d700,0x00000000c8800000)
 Metaspace       used 61967K, committed 63040K, reserved 1114112K
  class space    used 6609K, committed 7040K, reserved 1048576K
}
Event: 70.960 GC heap after
{Heap after GC invocations=86 (full 5):
 PSYoungGen      total 9728K, used 1236K [0x00000000eab00000, 0x00000000eb680000, 0x0000000100000000)
  eden space 8192K, 0% used [0x00000000eab00000,0x00000000eab00000,0x00000000eb300000)
  from space 1536K, 80% used [0x00000000eb500000,0x00000000eb635148,0x00000000eb680000)
  to   space 1536K, 0% used [0x00000000eb380000,0x00000000eb380000,0x00000000eb500000)
 ParOldGen       total 139264K, used 122717K [0x00000000c0000000, 0x00000000c8800000, 0x00000000eab00000)
  object space 139264K, 88% used [0x00000000c0000000,0x00000000c77d7638,0x00000000c8800000)
 Metaspace       used 61967K, committed 63040K, reserved 1114112K
  class space    used 6609K, committed 7040K, reserved 1048576K
}
Event: 71.231 GC heap before
{Heap before GC invocations=87 (full 5):
 PSYoungGen      total 9728K, used 9428K [0x00000000eab00000, 0x00000000eb680000, 0x0000000100000000)
  eden space 8192K, 100% used [0x00000000eab00000,0x00000000eb300000,0x00000000eb300000)
  from space 1536K, 80% used [0x00000000eb500000,0x00000000eb635148,0x00000000eb680000)
  to   space 1536K, 0% used [0x00000000eb380000,0x00000000eb380000,0x00000000eb500000)
 ParOldGen       total 139264K, used 122717K [0x00000000c0000000, 0x00000000c8800000, 0x00000000eab00000)
  object space 139264K, 88% used [0x00000000c0000000,0x00000000c77d7638,0x00000000c8800000)
 Metaspace       used 62393K, committed 63488K, reserved 1114112K
  class space    used 6653K, committed 7104K, reserved 1048576K
}
Event: 71.236 GC heap after
{Heap after GC invocations=87 (full 5):
 PSYoungGen      total 9728K, used 1118K [0x00000000eab00000, 0x00000000eb600000, 0x0000000100000000)
  eden space 8192K, 0% used [0x00000000eab00000,0x00000000eab00000,0x00000000eb300000)
  from space 1536K, 72% used [0x00000000eb380000,0x00000000eb497ad0,0x00000000eb500000)
  to   space 1024K, 0% used [0x00000000eb500000,0x00000000eb500000,0x00000000eb600000)
 ParOldGen       total 139264K, used 123719K [0x00000000c0000000, 0x00000000c8800000, 0x00000000eab00000)
  object space 139264K, 88% used [0x00000000c0000000,0x00000000c78d1f60,0x00000000c8800000)
 Metaspace       used 62393K, committed 63488K, reserved 1114112K
  class space    used 6653K, committed 7104K, reserved 1048576K
}
Event: 71.484 GC heap before
{Heap before GC invocations=88 (full 5):
 PSYoungGen      total 9728K, used 9310K [0x00000000eab00000, 0x00000000eb600000, 0x0000000100000000)
  eden space 8192K, 100% used [0x00000000eab00000,0x00000000eb300000,0x00000000eb300000)
  from space 1536K, 72% used [0x00000000eb380000,0x00000000eb497ad0,0x00000000eb500000)
  to   space 1024K, 0% used [0x00000000eb500000,0x00000000eb500000,0x00000000eb600000)
 ParOldGen       total 139264K, used 123719K [0x00000000c0000000, 0x00000000c8800000, 0x00000000eab00000)
  object space 139264K, 88% used [0x00000000c0000000,0x00000000c78d1f60,0x00000000c8800000)
 Metaspace       used 62625K, committed 63680K, reserved 1114112K
  class space    used 6671K, committed 7104K, reserved 1048576K
}
Event: 71.492 GC heap after
{Heap after GC invocations=88 (full 5):
 PSYoungGen      total 9216K, used 896K [0x00000000eab00000, 0x00000000eb600000, 0x0000000100000000)
  eden space 8192K, 0% used [0x00000000eab00000,0x00000000eab00000,0x00000000eb300000)
  from space 1024K, 87% used [0x00000000eb500000,0x00000000eb5e0000,0x00000000eb600000)
  to   space 1024K, 0% used [0x00000000eb400000,0x00000000eb400000,0x00000000eb500000)
 ParOldGen       total 139264K, used 124563K [0x00000000c0000000, 0x00000000c8800000, 0x00000000eab00000)
  object space 139264K, 89% used [0x00000000c0000000,0x00000000c79a4c40,0x00000000c8800000)
 Metaspace       used 62625K, committed 63680K, reserved 1114112K
  class space    used 6671K, committed 7104K, reserved 1048576K
}
Event: 71.667 GC heap before
{Heap before GC invocations=89 (full 5):
 PSYoungGen      total 9216K, used 9088K [0x00000000eab00000, 0x00000000eb600000, 0x0000000100000000)
  eden space 8192K, 100% used [0x00000000eab00000,0x00000000eb300000,0x00000000eb300000)
  from space 1024K, 87% used [0x00000000eb500000,0x00000000eb5e0000,0x00000000eb600000)
  to   space 1024K, 0% used [0x00000000eb400000,0x00000000eb400000,0x00000000eb500000)
 ParOldGen       total 139264K, used 124563K [0x00000000c0000000, 0x00000000c8800000, 0x00000000eab00000)
  object space 139264K, 89% used [0x00000000c0000000,0x00000000c79a4c40,0x00000000c8800000)
 Metaspace       used 62814K, committed 63872K, reserved 1114112K
  class space    used 6680K, committed 7104K, reserved 1048576K
}
Event: 71.672 GC heap after
{Heap after GC invocations=89 (full 5):
 PSYoungGen      total 9216K, used 1017K [0x00000000eab00000, 0x00000000eb600000, 0x0000000100000000)
  eden space 8192K, 0% used [0x00000000eab00000,0x00000000eab00000,0x00000000eb300000)
  from space 1024K, 99% used [0x00000000eb400000,0x00000000eb4fe718,0x00000000eb500000)
  to   space 1024K, 0% used [0x00000000eb500000,0x00000000eb500000,0x00000000eb600000)
 ParOldGen       total 139264K, used 125310K [0x00000000c0000000, 0x00000000c8800000, 0x00000000eab00000)
  object space 139264K, 89% used [0x00000000c0000000,0x00000000c7a5fbe8,0x00000000c8800000)
 Metaspace       used 62814K, committed 63872K, reserved 1114112K
  class space    used 6680K, committed 7104K, reserved 1048576K
}
Event: 71.748 GC heap before
{Heap before GC invocations=90 (full 5):
 PSYoungGen      total 9216K, used 9209K [0x00000000eab00000, 0x00000000eb600000, 0x0000000100000000)
  eden space 8192K, 100% used [0x00000000eab00000,0x00000000eb300000,0x00000000eb300000)
  from space 1024K, 99% used [0x00000000eb400000,0x00000000eb4fe718,0x00000000eb500000)
  to   space 1024K, 0% used [0x00000000eb500000,0x00000000eb500000,0x00000000eb600000)
 ParOldGen       total 139264K, used 125310K [0x00000000c0000000, 0x00000000c8800000, 0x00000000eab00000)
  object space 139264K, 89% used [0x00000000c0000000,0x00000000c7a5fbe8,0x00000000c8800000)
 Metaspace       used 63212K, committed 64320K, reserved 1114112K
  class space    used 6711K, committed 7168K, reserved 1048576K
}
Event: 71.753 GC heap after
{Heap after GC invocations=90 (full 5):
 PSYoungGen      total 9216K, used 926K [0x00000000eab00000, 0x00000000eb600000, 0x0000000100000000)
  eden space 8192K, 0% used [0x00000000eab00000,0x00000000eab00000,0x00000000eb300000)
  from space 1024K, 90% used [0x00000000eb500000,0x00000000eb5e7a60,0x00000000eb600000)
  to   space 1024K, 0% used [0x00000000eb400000,0x00000000eb400000,0x00000000eb500000)
 ParOldGen       total 139264K, used 125948K [0x00000000c0000000, 0x00000000c8800000, 0x00000000eab00000)
  object space 139264K, 90% used [0x00000000c0000000,0x00000000c7aff3c0,0x00000000c8800000)
 Metaspace       used 63212K, committed 64320K, reserved 1114112K
  class space    used 6711K, committed 7168K, reserved 1048576K
}
Event: 71.966 GC heap before
{Heap before GC invocations=91 (full 5):
 PSYoungGen      total 9216K, used 9118K [0x00000000eab00000, 0x00000000eb600000, 0x0000000100000000)
  eden space 8192K, 99% used [0x00000000eab00000,0x00000000eb2ffff0,0x00000000eb300000)
  from space 1024K, 90% used [0x00000000eb500000,0x00000000eb5e7a60,0x00000000eb600000)
  to   space 1024K, 0% used [0x00000000eb400000,0x00000000eb400000,0x00000000eb500000)
 ParOldGen       total 139264K, used 125948K [0x00000000c0000000, 0x00000000c8800000, 0x00000000eab00000)
  object space 139264K, 90% used [0x00000000c0000000,0x00000000c7aff3c0,0x00000000c8800000)
 Metaspace       used 63516K, committed 64576K, reserved 1114112K
  class space    used 6732K, committed 7168K, reserved 1048576K
}
Event: 71.976 GC heap after
{Heap after GC invocations=91 (full 5):
 PSYoungGen      total 9216K, used 1013K [0x00000000eab00000, 0x00000000eb800000, 0x0000000100000000)
  eden space 8192K, 0% used [0x00000000eab00000,0x00000000eab00000,0x00000000eb300000)
  from space 1024K, 99% used [0x00000000eb400000,0x00000000eb4fd7a8,0x00000000eb500000)
  to   space 2560K, 0% used [0x00000000eb580000,0x00000000eb580000,0x00000000eb800000)
 ParOldGen       total 139264K, used 126943K [0x00000000c0000000, 0x00000000c8800000, 0x00000000eab00000)
  object space 139264K, 91% used [0x00000000c0000000,0x00000000c7bf7de0,0x00000000c8800000)
 Metaspace       used 63516K, committed 64576K, reserved 1114112K
  class space    used 6732K, committed 7168K, reserved 1048576K
}
Event: 72.121 GC heap before
{Heap before GC invocations=92 (full 5):
 PSYoungGen      total 9216K, used 9205K [0x00000000eab00000, 0x00000000eb800000, 0x0000000100000000)
  eden space 8192K, 100% used [0x00000000eab00000,0x00000000eb300000,0x00000000eb300000)
  from space 1024K, 99% used [0x00000000eb400000,0x00000000eb4fd7a8,0x00000000eb500000)
  to   space 2560K, 0% used [0x00000000eb580000,0x00000000eb580000,0x00000000eb800000)
 ParOldGen       total 139264K, used 126943K [0x00000000c0000000, 0x00000000c8800000, 0x00000000eab00000)
  object space 139264K, 91% used [0x00000000c0000000,0x00000000c7bf7de0,0x00000000c8800000)
 Metaspace       used 63878K, committed 64960K, reserved 1114112K
  class space    used 6760K, committed 7232K, reserved 1048576K
}
Event: 72.126 GC heap after
{Heap after GC invocations=92 (full 5):
 PSYoungGen      total 9728K, used 1266K [0x00000000eab00000, 0x00000000eb700000, 0x0000000100000000)
  eden space 8192K, 0% used [0x00000000eab00000,0x00000000eab00000,0x00000000eb300000)
  from space 1536K, 82% used [0x00000000eb580000,0x00000000eb6bc938,0x00000000eb700000)
  to   space 1536K, 0% used [0x00000000eb400000,0x00000000eb400000,0x00000000eb580000)
 ParOldGen       total 139264K, used 127955K [0x00000000c0000000, 0x00000000c8800000, 0x00000000eab00000)
  object space 139264K, 91% used [0x00000000c0000000,0x00000000c7cf4d08,0x00000000c8800000)
 Metaspace       used 63878K, committed 64960K, reserved 1114112K
  class space    used 6760K, committed 7232K, reserved 1048576K
}
Event: 72.245 GC heap before
{Heap before GC invocations=93 (full 5):
 PSYoungGen      total 9728K, used 9458K [0x00000000eab00000, 0x00000000eb700000, 0x0000000100000000)
  eden space 8192K, 100% used [0x00000000eab00000,0x00000000eb300000,0x00000000eb300000)
  from space 1536K, 82% used [0x00000000eb580000,0x00000000eb6bc938,0x00000000eb700000)
  to   space 1536K, 0% used [0x00000000eb400000,0x00000000eb400000,0x00000000eb580000)
 ParOldGen       total 139264K, used 127955K [0x00000000c0000000, 0x00000000c8800000, 0x00000000eab00000)
  object space 139264K, 91% used [0x00000000c0000000,0x00000000c7cf4d08,0x00000000c8800000)
 Metaspace       used 64073K, committed 65152K, reserved 1114112K
  class space    used 6789K, committed 7232K, reserved 1048576K
}
Event: 72.251 GC heap after
{Heap after GC invocations=93 (full 5):
 PSYoungGen      total 9728K, used 1514K [0x00000000eab00000, 0x00000000eb700000, 0x0000000100000000)
  eden space 8192K, 0% used [0x00000000eab00000,0x00000000eab00000,0x00000000eb300000)
  from space 1536K, 98% used [0x00000000eb400000,0x00000000eb57a9d0,0x00000000eb580000)
  to   space 1536K, 0% used [0x00000000eb580000,0x00000000eb580000,0x00000000eb700000)
 ParOldGen       total 139264K, used 129249K [0x00000000c0000000, 0x00000000c8800000, 0x00000000eab00000)
  object space 139264K, 92% used [0x00000000c0000000,0x00000000c7e38760,0x00000000c8800000)
 Metaspace       used 64073K, committed 65152K, reserved 1114112K
  class space    used 6789K, committed 7232K, reserved 1048576K
}
Event: 72.436 GC heap before
{Heap before GC invocations=94 (full 5):
 PSYoungGen      total 9728K, used 9674K [0x00000000eab00000, 0x00000000eb700000, 0x0000000100000000)
  eden space 8192K, 99% used [0x00000000eab00000,0x00000000eb2f7f08,0x00000000eb300000)
  from space 1536K, 98% used [0x00000000eb400000,0x00000000eb57a9d0,0x00000000eb580000)
  to   space 1536K, 0% used [0x00000000eb580000,0x00000000eb580000,0x00000000eb700000)
 ParOldGen       total 139264K, used 129249K [0x00000000c0000000, 0x00000000c8800000, 0x00000000eab00000)
  object space 139264K, 92% used [0x00000000c0000000,0x00000000c7e38760,0x00000000c8800000)
 Metaspace       used 64341K, committed 65408K, reserved 1114112K
  class space    used 6827K, committed 7296K, reserved 1048576K
}
Event: 72.445 GC heap after
{Heap after GC invocations=94 (full 5):
 PSYoungGen      total 9728K, used 1451K [0x00000000eab00000, 0x00000000eb700000, 0x0000000100000000)
  eden space 8192K, 0% used [0x00000000eab00000,0x00000000eab00000,0x00000000eb300000)
  from space 1536K, 94% used [0x00000000eb580000,0x00000000eb6ead40,0x00000000eb700000)
  to   space 2048K, 0% used [0x00000000eb300000,0x00000000eb300000,0x00000000eb500000)
 ParOldGen       total 139264K, used 130765K [0x00000000c0000000, 0x00000000c8800000, 0x00000000eab00000)
  object space 139264K, 93% used [0x00000000c0000000,0x00000000c7fb3700,0x00000000c8800000)
 Metaspace       used 64341K, committed 65408K, reserved 1114112K
  class space    used 6827K, committed 7296K, reserved 1048576K
}

